Started GET "/" for ::1 at 2023-10-24 01:10:08 -0400
  
ActiveRecord::NoDatabaseError (We could not find your database: hellorails_development. Available database configurations can be found in config/database.yml file.

To resolve this error:

- Did you create the database for this app, or delete it? You may need to create your database.
- Has the database name changed? Check your database.yml config has the correct database name.

To create your database, run:

        bin/rails db:create
):
  
activerecord (7.1.1) lib/active_record/connection_adapters/postgresql_adapter.rb:74:in `rescue in new_client'
activerecord (7.1.1) lib/active_record/connection_adapters/postgresql_adapter.rb:68:in `new_client'
activerecord (7.1.1) lib/active_record/connection_adapters/postgresql_adapter.rb:981:in `connect'
activerecord (7.1.1) lib/active_record/connection_adapters/postgresql_adapter.rb:993:in `reconnect'
activerecord (7.1.1) lib/active_record/connection_adapters/abstract_adapter.rb:685:in `block in reconnect!'
activesupport (7.1.1) lib/active_support/concurrency/null_lock.rb:9:in `synchronize'
activerecord (7.1.1) lib/active_record/connection_adapters/abstract_adapter.rb:684:in `reconnect!'
activerecord (7.1.1) lib/active_record/connection_adapters/abstract_adapter.rb:788:in `verify!'
activerecord (7.1.1) lib/active_record/connection_adapters/abstract_adapter.rb:795:in `connect!'
activerecord (7.1.1) lib/active_record/connection_adapters/abstract_adapter.rb:997:in `block in with_raw_connection'
activesupport (7.1.1) lib/active_support/concurrency/null_lock.rb:9:in `synchronize'
activerecord (7.1.1) lib/active_record/connection_adapters/abstract_adapter.rb:996:in `with_raw_connection'
activerecord (7.1.1) lib/active_record/connection_adapters/abstract_adapter.rb:1104:in `valid_raw_connection'
activerecord (7.1.1) lib/active_record/connection_adapters/postgresql_adapter.rb:619:in `get_database_version'
activerecord (7.1.1) lib/active_record/connection_adapters/schema_cache.rb:374:in `database_version'
activerecord (7.1.1) lib/active_record/connection_adapters/schema_cache.rb:70:in `database_version'
activerecord (7.1.1) lib/active_record/connection_adapters/schema_cache.rb:200:in `database_version'
activerecord (7.1.1) lib/active_record/connection_adapters/abstract_adapter.rb:871:in `database_version'
activerecord (7.1.1) lib/active_record/connection_adapters/postgresql_adapter.rb:647:in `check_version'
activerecord (7.1.1) lib/active_record/connection_adapters/abstract/connection_pool.rb:675:in `new_connection'
activerecord (7.1.1) lib/active_record/connection_adapters/abstract/connection_pool.rb:720:in `checkout_new_connection'
activerecord (7.1.1) lib/active_record/connection_adapters/abstract/connection_pool.rb:699:in `try_to_checkout_new_connection'
activerecord (7.1.1) lib/active_record/connection_adapters/abstract/connection_pool.rb:657:in `acquire_connection'
activerecord (7.1.1) lib/active_record/connection_adapters/abstract/connection_pool.rb:355:in `checkout'
activerecord (7.1.1) lib/active_record/connection_adapters/abstract/connection_pool.rb:184:in `connection'
activerecord (7.1.1) lib/active_record/tasks/database_tasks.rb:501:in `block in with_temporary_connection'
activerecord (7.1.1) lib/active_record/tasks/database_tasks.rb:518:in `with_temporary_pool'
activerecord (7.1.1) lib/active_record/tasks/database_tasks.rb:500:in `with_temporary_connection'
activerecord (7.1.1) lib/active_record/tasks/database_tasks.rb:494:in `block in with_temporary_connection_for_each'
activerecord (7.1.1) lib/active_record/tasks/database_tasks.rb:493:in `each'
activerecord (7.1.1) lib/active_record/tasks/database_tasks.rb:493:in `with_temporary_connection_for_each'
activerecord (7.1.1) lib/active_record/migration.rb:771:in `pending_migrations'
activerecord (7.1.1) lib/active_record/migration.rb:750:in `check_pending_migrations'
activerecord (7.1.1) lib/active_record/migration.rb:642:in `block (2 levels) in call'
activesupport (7.1.1) lib/active_support/file_update_checker.rb:85:in `execute'
activerecord (7.1.1) lib/active_record/migration.rb:647:in `block in call'
activerecord (7.1.1) lib/active_record/migration.rb:639:in `synchronize'
activerecord (7.1.1) lib/active_record/migration.rb:639:in `call'
actionpack (7.1.1) lib/action_dispatch/middleware/callbacks.rb:29:in `block in call'
activesupport (7.1.1) lib/active_support/callbacks.rb:101:in `run_callbacks'
actionpack (7.1.1) lib/action_dispatch/middleware/callbacks.rb:28:in `call'
actionpack (7.1.1) lib/action_dispatch/middleware/executor.rb:14:in `call'
actionpack (7.1.1) lib/action_dispatch/middleware/actionable_exceptions.rb:16:in `call'
actionpack (7.1.1) lib/action_dispatch/middleware/debug_exceptions.rb:29:in `call'
web-console (4.2.1) lib/web_console/middleware.rb:132:in `call_app'
web-console (4.2.1) lib/web_console/middleware.rb:28:in `block in call'
web-console (4.2.1) lib/web_console/middleware.rb:17:in `catch'
web-console (4.2.1) lib/web_console/middleware.rb:17:in `call'
actionpack (7.1.1) lib/action_dispatch/middleware/show_exceptions.rb:31:in `call'
railties (7.1.1) lib/rails/rack/logger.rb:37:in `call_app'
railties (7.1.1) lib/rails/rack/logger.rb:24:in `block in call'
activesupport (7.1.1) lib/active_support/tagged_logging.rb:135:in `block in tagged'
activesupport (7.1.1) lib/active_support/tagged_logging.rb:39:in `tagged'
activesupport (7.1.1) lib/active_support/tagged_logging.rb:135:in `tagged'
activesupport (7.1.1) lib/active_support/broadcast_logger.rb:232:in `method_missing'
railties (7.1.1) lib/rails/rack/logger.rb:24:in `call'
sprockets-rails (3.4.2) lib/sprockets/rails/quiet_assets.rb:13:in `call'
actionpack (7.1.1) lib/action_dispatch/middleware/remote_ip.rb:92:in `call'
actionpack (7.1.1) lib/action_dispatch/middleware/request_id.rb:28:in `call'
rack (3.0.8) lib/rack/method_override.rb:28:in `call'
rack (3.0.8) lib/rack/runtime.rb:24:in `call'
activesupport (7.1.1) lib/active_support/cache/strategy/local_cache_middleware.rb:29:in `call'
actionpack (7.1.1) lib/action_dispatch/middleware/server_timing.rb:59:in `block in call'
actionpack (7.1.1) lib/action_dispatch/middleware/server_timing.rb:24:in `collect_events'
actionpack (7.1.1) lib/action_dispatch/middleware/server_timing.rb:58:in `call'
actionpack (7.1.1) lib/action_dispatch/middleware/executor.rb:14:in `call'
actionpack (7.1.1) lib/action_dispatch/middleware/static.rb:25:in `call'
rack (3.0.8) lib/rack/sendfile.rb:114:in `call'
actionpack (7.1.1) lib/action_dispatch/middleware/host_authorization.rb:141:in `call'
railties (7.1.1) lib/rails/engine.rb:529:in `call'
puma (6.4.0) lib/puma/configuration.rb:272:in `call'
puma (6.4.0) lib/puma/request.rb:100:in `block in handle_request'
puma (6.4.0) lib/puma/thread_pool.rb:378:in `with_force_shutdown'
puma (6.4.0) lib/puma/request.rb:99:in `handle_request'
puma (6.4.0) lib/puma/server.rb:443:in `process_client'
puma (6.4.0) lib/puma/server.rb:241:in `block in run'
puma (6.4.0) lib/puma/thread_pool.rb:155:in `block in spawn_thread'
Started GET "/" for ::1 at 2023-10-24 01:12:23 -0400
  
ActiveRecord::NoDatabaseError (We could not find your database: hellorails_development. Available database configurations can be found in config/database.yml file.

To resolve this error:

- Did you create the database for this app, or delete it? You may need to create your database.
- Has the database name changed? Check your database.yml config has the correct database name.

To create your database, run:

        bin/rails db:create
):
  
activerecord (7.1.1) lib/active_record/connection_adapters/postgresql_adapter.rb:74:in `rescue in new_client'
activerecord (7.1.1) lib/active_record/connection_adapters/postgresql_adapter.rb:68:in `new_client'
activerecord (7.1.1) lib/active_record/connection_adapters/postgresql_adapter.rb:981:in `connect'
activerecord (7.1.1) lib/active_record/connection_adapters/postgresql_adapter.rb:993:in `reconnect'
activerecord (7.1.1) lib/active_record/connection_adapters/abstract_adapter.rb:685:in `block in reconnect!'
activesupport (7.1.1) lib/active_support/concurrency/null_lock.rb:9:in `synchronize'
activerecord (7.1.1) lib/active_record/connection_adapters/abstract_adapter.rb:684:in `reconnect!'
activerecord (7.1.1) lib/active_record/connection_adapters/abstract_adapter.rb:788:in `verify!'
activerecord (7.1.1) lib/active_record/connection_adapters/abstract_adapter.rb:795:in `connect!'
activerecord (7.1.1) lib/active_record/connection_adapters/abstract_adapter.rb:997:in `block in with_raw_connection'
activesupport (7.1.1) lib/active_support/concurrency/null_lock.rb:9:in `synchronize'
activerecord (7.1.1) lib/active_record/connection_adapters/abstract_adapter.rb:996:in `with_raw_connection'
activerecord (7.1.1) lib/active_record/connection_adapters/abstract_adapter.rb:1104:in `valid_raw_connection'
activerecord (7.1.1) lib/active_record/connection_adapters/postgresql_adapter.rb:619:in `get_database_version'
activerecord (7.1.1) lib/active_record/connection_adapters/schema_cache.rb:374:in `database_version'
activerecord (7.1.1) lib/active_record/connection_adapters/schema_cache.rb:70:in `database_version'
activerecord (7.1.1) lib/active_record/connection_adapters/schema_cache.rb:200:in `database_version'
activerecord (7.1.1) lib/active_record/connection_adapters/abstract_adapter.rb:871:in `database_version'
activerecord (7.1.1) lib/active_record/connection_adapters/postgresql_adapter.rb:647:in `check_version'
activerecord (7.1.1) lib/active_record/connection_adapters/abstract/connection_pool.rb:675:in `new_connection'
activerecord (7.1.1) lib/active_record/connection_adapters/abstract/connection_pool.rb:720:in `checkout_new_connection'
activerecord (7.1.1) lib/active_record/connection_adapters/abstract/connection_pool.rb:699:in `try_to_checkout_new_connection'
activerecord (7.1.1) lib/active_record/connection_adapters/abstract/connection_pool.rb:657:in `acquire_connection'
activerecord (7.1.1) lib/active_record/connection_adapters/abstract/connection_pool.rb:355:in `checkout'
activerecord (7.1.1) lib/active_record/connection_adapters/abstract/connection_pool.rb:184:in `connection'
activerecord (7.1.1) lib/active_record/tasks/database_tasks.rb:501:in `block in with_temporary_connection'
activerecord (7.1.1) lib/active_record/tasks/database_tasks.rb:518:in `with_temporary_pool'
activerecord (7.1.1) lib/active_record/tasks/database_tasks.rb:500:in `with_temporary_connection'
activerecord (7.1.1) lib/active_record/tasks/database_tasks.rb:494:in `block in with_temporary_connection_for_each'
activerecord (7.1.1) lib/active_record/tasks/database_tasks.rb:493:in `each'
activerecord (7.1.1) lib/active_record/tasks/database_tasks.rb:493:in `with_temporary_connection_for_each'
activerecord (7.1.1) lib/active_record/migration.rb:771:in `pending_migrations'
activerecord (7.1.1) lib/active_record/migration.rb:750:in `check_pending_migrations'
activerecord (7.1.1) lib/active_record/migration.rb:642:in `block (2 levels) in call'
activesupport (7.1.1) lib/active_support/file_update_checker.rb:85:in `execute'
activerecord (7.1.1) lib/active_record/migration.rb:647:in `block in call'
activerecord (7.1.1) lib/active_record/migration.rb:639:in `synchronize'
activerecord (7.1.1) lib/active_record/migration.rb:639:in `call'
actionpack (7.1.1) lib/action_dispatch/middleware/callbacks.rb:29:in `block in call'
activesupport (7.1.1) lib/active_support/callbacks.rb:101:in `run_callbacks'
actionpack (7.1.1) lib/action_dispatch/middleware/callbacks.rb:28:in `call'
actionpack (7.1.1) lib/action_dispatch/middleware/executor.rb:14:in `call'
actionpack (7.1.1) lib/action_dispatch/middleware/actionable_exceptions.rb:16:in `call'
actionpack (7.1.1) lib/action_dispatch/middleware/debug_exceptions.rb:29:in `call'
web-console (4.2.1) lib/web_console/middleware.rb:132:in `call_app'
web-console (4.2.1) lib/web_console/middleware.rb:28:in `block in call'
web-console (4.2.1) lib/web_console/middleware.rb:17:in `catch'
web-console (4.2.1) lib/web_console/middleware.rb:17:in `call'
actionpack (7.1.1) lib/action_dispatch/middleware/show_exceptions.rb:31:in `call'
railties (7.1.1) lib/rails/rack/logger.rb:37:in `call_app'
railties (7.1.1) lib/rails/rack/logger.rb:24:in `block in call'
activesupport (7.1.1) lib/active_support/tagged_logging.rb:135:in `block in tagged'
activesupport (7.1.1) lib/active_support/tagged_logging.rb:39:in `tagged'
activesupport (7.1.1) lib/active_support/tagged_logging.rb:135:in `tagged'
activesupport (7.1.1) lib/active_support/broadcast_logger.rb:232:in `method_missing'
railties (7.1.1) lib/rails/rack/logger.rb:24:in `call'
sprockets-rails (3.4.2) lib/sprockets/rails/quiet_assets.rb:13:in `call'
actionpack (7.1.1) lib/action_dispatch/middleware/remote_ip.rb:92:in `call'
actionpack (7.1.1) lib/action_dispatch/middleware/request_id.rb:28:in `call'
rack (3.0.8) lib/rack/method_override.rb:28:in `call'
rack (3.0.8) lib/rack/runtime.rb:24:in `call'
activesupport (7.1.1) lib/active_support/cache/strategy/local_cache_middleware.rb:29:in `call'
actionpack (7.1.1) lib/action_dispatch/middleware/server_timing.rb:59:in `block in call'
actionpack (7.1.1) lib/action_dispatch/middleware/server_timing.rb:24:in `collect_events'
actionpack (7.1.1) lib/action_dispatch/middleware/server_timing.rb:58:in `call'
actionpack (7.1.1) lib/action_dispatch/middleware/executor.rb:14:in `call'
actionpack (7.1.1) lib/action_dispatch/middleware/static.rb:25:in `call'
rack (3.0.8) lib/rack/sendfile.rb:114:in `call'
actionpack (7.1.1) lib/action_dispatch/middleware/host_authorization.rb:141:in `call'
railties (7.1.1) lib/rails/engine.rb:529:in `call'
puma (6.4.0) lib/puma/configuration.rb:272:in `call'
puma (6.4.0) lib/puma/request.rb:100:in `block in handle_request'
puma (6.4.0) lib/puma/thread_pool.rb:378:in `with_force_shutdown'
puma (6.4.0) lib/puma/request.rb:99:in `handle_request'
puma (6.4.0) lib/puma/server.rb:443:in `process_client'
puma (6.4.0) lib/puma/server.rb:241:in `block in run'
puma (6.4.0) lib/puma/thread_pool.rb:155:in `block in spawn_thread'
Started GET "/" for ::1 at 2023-10-24 01:14:12 -0400
  
ActiveRecord::NoDatabaseError (We could not find your database: hellorails_development. Available database configurations can be found in config/database.yml file.

To resolve this error:

- Did you create the database for this app, or delete it? You may need to create your database.
- Has the database name changed? Check your database.yml config has the correct database name.

To create your database, run:

        bin/rails db:create
):
  
activerecord (7.1.1) lib/active_record/connection_adapters/postgresql_adapter.rb:74:in `rescue in new_client'
activerecord (7.1.1) lib/active_record/connection_adapters/postgresql_adapter.rb:68:in `new_client'
activerecord (7.1.1) lib/active_record/connection_adapters/postgresql_adapter.rb:981:in `connect'
activerecord (7.1.1) lib/active_record/connection_adapters/postgresql_adapter.rb:993:in `reconnect'
activerecord (7.1.1) lib/active_record/connection_adapters/abstract_adapter.rb:685:in `block in reconnect!'
activesupport (7.1.1) lib/active_support/concurrency/null_lock.rb:9:in `synchronize'
activerecord (7.1.1) lib/active_record/connection_adapters/abstract_adapter.rb:684:in `reconnect!'
activerecord (7.1.1) lib/active_record/connection_adapters/abstract_adapter.rb:788:in `verify!'
activerecord (7.1.1) lib/active_record/connection_adapters/abstract_adapter.rb:795:in `connect!'
activerecord (7.1.1) lib/active_record/connection_adapters/abstract_adapter.rb:997:in `block in with_raw_connection'
activesupport (7.1.1) lib/active_support/concurrency/null_lock.rb:9:in `synchronize'
activerecord (7.1.1) lib/active_record/connection_adapters/abstract_adapter.rb:996:in `with_raw_connection'
activerecord (7.1.1) lib/active_record/connection_adapters/abstract_adapter.rb:1104:in `valid_raw_connection'
activerecord (7.1.1) lib/active_record/connection_adapters/postgresql_adapter.rb:619:in `get_database_version'
activerecord (7.1.1) lib/active_record/connection_adapters/schema_cache.rb:374:in `database_version'
activerecord (7.1.1) lib/active_record/connection_adapters/schema_cache.rb:70:in `database_version'
activerecord (7.1.1) lib/active_record/connection_adapters/schema_cache.rb:200:in `database_version'
activerecord (7.1.1) lib/active_record/connection_adapters/abstract_adapter.rb:871:in `database_version'
activerecord (7.1.1) lib/active_record/connection_adapters/postgresql_adapter.rb:647:in `check_version'
activerecord (7.1.1) lib/active_record/connection_adapters/abstract/connection_pool.rb:675:in `new_connection'
activerecord (7.1.1) lib/active_record/connection_adapters/abstract/connection_pool.rb:720:in `checkout_new_connection'
activerecord (7.1.1) lib/active_record/connection_adapters/abstract/connection_pool.rb:699:in `try_to_checkout_new_connection'
activerecord (7.1.1) lib/active_record/connection_adapters/abstract/connection_pool.rb:657:in `acquire_connection'
activerecord (7.1.1) lib/active_record/connection_adapters/abstract/connection_pool.rb:355:in `checkout'
activerecord (7.1.1) lib/active_record/connection_adapters/abstract/connection_pool.rb:184:in `connection'
activerecord (7.1.1) lib/active_record/tasks/database_tasks.rb:501:in `block in with_temporary_connection'
activerecord (7.1.1) lib/active_record/tasks/database_tasks.rb:518:in `with_temporary_pool'
activerecord (7.1.1) lib/active_record/tasks/database_tasks.rb:500:in `with_temporary_connection'
activerecord (7.1.1) lib/active_record/tasks/database_tasks.rb:494:in `block in with_temporary_connection_for_each'
activerecord (7.1.1) lib/active_record/tasks/database_tasks.rb:493:in `each'
activerecord (7.1.1) lib/active_record/tasks/database_tasks.rb:493:in `with_temporary_connection_for_each'
activerecord (7.1.1) lib/active_record/migration.rb:771:in `pending_migrations'
activerecord (7.1.1) lib/active_record/migration.rb:750:in `check_pending_migrations'
activerecord (7.1.1) lib/active_record/migration.rb:642:in `block (2 levels) in call'
activesupport (7.1.1) lib/active_support/file_update_checker.rb:85:in `execute'
activerecord (7.1.1) lib/active_record/migration.rb:647:in `block in call'
activerecord (7.1.1) lib/active_record/migration.rb:639:in `synchronize'
activerecord (7.1.1) lib/active_record/migration.rb:639:in `call'
actionpack (7.1.1) lib/action_dispatch/middleware/callbacks.rb:29:in `block in call'
activesupport (7.1.1) lib/active_support/callbacks.rb:101:in `run_callbacks'
actionpack (7.1.1) lib/action_dispatch/middleware/callbacks.rb:28:in `call'
actionpack (7.1.1) lib/action_dispatch/middleware/executor.rb:14:in `call'
actionpack (7.1.1) lib/action_dispatch/middleware/actionable_exceptions.rb:16:in `call'
actionpack (7.1.1) lib/action_dispatch/middleware/debug_exceptions.rb:29:in `call'
web-console (4.2.1) lib/web_console/middleware.rb:132:in `call_app'
web-console (4.2.1) lib/web_console/middleware.rb:28:in `block in call'
web-console (4.2.1) lib/web_console/middleware.rb:17:in `catch'
web-console (4.2.1) lib/web_console/middleware.rb:17:in `call'
actionpack (7.1.1) lib/action_dispatch/middleware/show_exceptions.rb:31:in `call'
railties (7.1.1) lib/rails/rack/logger.rb:37:in `call_app'
railties (7.1.1) lib/rails/rack/logger.rb:24:in `block in call'
activesupport (7.1.1) lib/active_support/tagged_logging.rb:135:in `block in tagged'
activesupport (7.1.1) lib/active_support/tagged_logging.rb:39:in `tagged'
activesupport (7.1.1) lib/active_support/tagged_logging.rb:135:in `tagged'
activesupport (7.1.1) lib/active_support/broadcast_logger.rb:232:in `method_missing'
railties (7.1.1) lib/rails/rack/logger.rb:24:in `call'
sprockets-rails (3.4.2) lib/sprockets/rails/quiet_assets.rb:13:in `call'
actionpack (7.1.1) lib/action_dispatch/middleware/remote_ip.rb:92:in `call'
actionpack (7.1.1) lib/action_dispatch/middleware/request_id.rb:28:in `call'
rack (3.0.8) lib/rack/method_override.rb:28:in `call'
rack (3.0.8) lib/rack/runtime.rb:24:in `call'
activesupport (7.1.1) lib/active_support/cache/strategy/local_cache_middleware.rb:29:in `call'
actionpack (7.1.1) lib/action_dispatch/middleware/server_timing.rb:59:in `block in call'
actionpack (7.1.1) lib/action_dispatch/middleware/server_timing.rb:24:in `collect_events'
actionpack (7.1.1) lib/action_dispatch/middleware/server_timing.rb:58:in `call'
actionpack (7.1.1) lib/action_dispatch/middleware/executor.rb:14:in `call'
actionpack (7.1.1) lib/action_dispatch/middleware/static.rb:25:in `call'
rack (3.0.8) lib/rack/sendfile.rb:114:in `call'
actionpack (7.1.1) lib/action_dispatch/middleware/host_authorization.rb:141:in `call'
railties (7.1.1) lib/rails/engine.rb:529:in `call'
puma (6.4.0) lib/puma/configuration.rb:272:in `call'
puma (6.4.0) lib/puma/request.rb:100:in `block in handle_request'
puma (6.4.0) lib/puma/thread_pool.rb:378:in `with_force_shutdown'
puma (6.4.0) lib/puma/request.rb:99:in `handle_request'
puma (6.4.0) lib/puma/server.rb:443:in `process_client'
puma (6.4.0) lib/puma/server.rb:241:in `block in run'
puma (6.4.0) lib/puma/thread_pool.rb:155:in `block in spawn_thread'
Started GET "/" for ::1 at 2023-10-24 01:15:13 -0400
  
ActiveRecord::NoDatabaseError (We could not find your database: hellorails_development. Available database configurations can be found in config/database.yml file.

To resolve this error:

- Did you create the database for this app, or delete it? You may need to create your database.
- Has the database name changed? Check your database.yml config has the correct database name.

To create your database, run:

        bin/rails db:create
):
  
activerecord (7.1.1) lib/active_record/connection_adapters/postgresql_adapter.rb:74:in `rescue in new_client'
activerecord (7.1.1) lib/active_record/connection_adapters/postgresql_adapter.rb:68:in `new_client'
activerecord (7.1.1) lib/active_record/connection_adapters/postgresql_adapter.rb:981:in `connect'
activerecord (7.1.1) lib/active_record/connection_adapters/postgresql_adapter.rb:993:in `reconnect'
activerecord (7.1.1) lib/active_record/connection_adapters/abstract_adapter.rb:685:in `block in reconnect!'
activesupport (7.1.1) lib/active_support/concurrency/null_lock.rb:9:in `synchronize'
activerecord (7.1.1) lib/active_record/connection_adapters/abstract_adapter.rb:684:in `reconnect!'
activerecord (7.1.1) lib/active_record/connection_adapters/abstract_adapter.rb:788:in `verify!'
activerecord (7.1.1) lib/active_record/connection_adapters/abstract_adapter.rb:795:in `connect!'
activerecord (7.1.1) lib/active_record/connection_adapters/abstract_adapter.rb:997:in `block in with_raw_connection'
activesupport (7.1.1) lib/active_support/concurrency/null_lock.rb:9:in `synchronize'
activerecord (7.1.1) lib/active_record/connection_adapters/abstract_adapter.rb:996:in `with_raw_connection'
activerecord (7.1.1) lib/active_record/connection_adapters/abstract_adapter.rb:1104:in `valid_raw_connection'
activerecord (7.1.1) lib/active_record/connection_adapters/postgresql_adapter.rb:619:in `get_database_version'
activerecord (7.1.1) lib/active_record/connection_adapters/schema_cache.rb:374:in `database_version'
activerecord (7.1.1) lib/active_record/connection_adapters/schema_cache.rb:70:in `database_version'
activerecord (7.1.1) lib/active_record/connection_adapters/schema_cache.rb:200:in `database_version'
activerecord (7.1.1) lib/active_record/connection_adapters/abstract_adapter.rb:871:in `database_version'
activerecord (7.1.1) lib/active_record/connection_adapters/postgresql_adapter.rb:647:in `check_version'
activerecord (7.1.1) lib/active_record/connection_adapters/abstract/connection_pool.rb:675:in `new_connection'
activerecord (7.1.1) lib/active_record/connection_adapters/abstract/connection_pool.rb:720:in `checkout_new_connection'
activerecord (7.1.1) lib/active_record/connection_adapters/abstract/connection_pool.rb:699:in `try_to_checkout_new_connection'
activerecord (7.1.1) lib/active_record/connection_adapters/abstract/connection_pool.rb:657:in `acquire_connection'
activerecord (7.1.1) lib/active_record/connection_adapters/abstract/connection_pool.rb:355:in `checkout'
activerecord (7.1.1) lib/active_record/connection_adapters/abstract/connection_pool.rb:184:in `connection'
activerecord (7.1.1) lib/active_record/tasks/database_tasks.rb:501:in `block in with_temporary_connection'
activerecord (7.1.1) lib/active_record/tasks/database_tasks.rb:518:in `with_temporary_pool'
activerecord (7.1.1) lib/active_record/tasks/database_tasks.rb:500:in `with_temporary_connection'
activerecord (7.1.1) lib/active_record/tasks/database_tasks.rb:494:in `block in with_temporary_connection_for_each'
activerecord (7.1.1) lib/active_record/tasks/database_tasks.rb:493:in `each'
activerecord (7.1.1) lib/active_record/tasks/database_tasks.rb:493:in `with_temporary_connection_for_each'
activerecord (7.1.1) lib/active_record/migration.rb:771:in `pending_migrations'
activerecord (7.1.1) lib/active_record/migration.rb:750:in `check_pending_migrations'
activerecord (7.1.1) lib/active_record/migration.rb:642:in `block (2 levels) in call'
activesupport (7.1.1) lib/active_support/file_update_checker.rb:85:in `execute'
activerecord (7.1.1) lib/active_record/migration.rb:647:in `block in call'
activerecord (7.1.1) lib/active_record/migration.rb:639:in `synchronize'
activerecord (7.1.1) lib/active_record/migration.rb:639:in `call'
actionpack (7.1.1) lib/action_dispatch/middleware/callbacks.rb:29:in `block in call'
activesupport (7.1.1) lib/active_support/callbacks.rb:101:in `run_callbacks'
actionpack (7.1.1) lib/action_dispatch/middleware/callbacks.rb:28:in `call'
actionpack (7.1.1) lib/action_dispatch/middleware/executor.rb:14:in `call'
actionpack (7.1.1) lib/action_dispatch/middleware/actionable_exceptions.rb:16:in `call'
actionpack (7.1.1) lib/action_dispatch/middleware/debug_exceptions.rb:29:in `call'
web-console (4.2.1) lib/web_console/middleware.rb:132:in `call_app'
web-console (4.2.1) lib/web_console/middleware.rb:28:in `block in call'
web-console (4.2.1) lib/web_console/middleware.rb:17:in `catch'
web-console (4.2.1) lib/web_console/middleware.rb:17:in `call'
actionpack (7.1.1) lib/action_dispatch/middleware/show_exceptions.rb:31:in `call'
railties (7.1.1) lib/rails/rack/logger.rb:37:in `call_app'
railties (7.1.1) lib/rails/rack/logger.rb:24:in `block in call'
activesupport (7.1.1) lib/active_support/tagged_logging.rb:135:in `block in tagged'
activesupport (7.1.1) lib/active_support/tagged_logging.rb:39:in `tagged'
activesupport (7.1.1) lib/active_support/tagged_logging.rb:135:in `tagged'
activesupport (7.1.1) lib/active_support/broadcast_logger.rb:232:in `method_missing'
railties (7.1.1) lib/rails/rack/logger.rb:24:in `call'
sprockets-rails (3.4.2) lib/sprockets/rails/quiet_assets.rb:13:in `call'
actionpack (7.1.1) lib/action_dispatch/middleware/remote_ip.rb:92:in `call'
actionpack (7.1.1) lib/action_dispatch/middleware/request_id.rb:28:in `call'
rack (3.0.8) lib/rack/method_override.rb:28:in `call'
rack (3.0.8) lib/rack/runtime.rb:24:in `call'
activesupport (7.1.1) lib/active_support/cache/strategy/local_cache_middleware.rb:29:in `call'
actionpack (7.1.1) lib/action_dispatch/middleware/server_timing.rb:59:in `block in call'
actionpack (7.1.1) lib/action_dispatch/middleware/server_timing.rb:24:in `collect_events'
actionpack (7.1.1) lib/action_dispatch/middleware/server_timing.rb:58:in `call'
actionpack (7.1.1) lib/action_dispatch/middleware/executor.rb:14:in `call'
actionpack (7.1.1) lib/action_dispatch/middleware/static.rb:25:in `call'
rack (3.0.8) lib/rack/sendfile.rb:114:in `call'
actionpack (7.1.1) lib/action_dispatch/middleware/host_authorization.rb:141:in `call'
railties (7.1.1) lib/rails/engine.rb:529:in `call'
puma (6.4.0) lib/puma/configuration.rb:272:in `call'
puma (6.4.0) lib/puma/request.rb:100:in `block in handle_request'
puma (6.4.0) lib/puma/thread_pool.rb:378:in `with_force_shutdown'
puma (6.4.0) lib/puma/request.rb:99:in `handle_request'
puma (6.4.0) lib/puma/server.rb:443:in `process_client'
puma (6.4.0) lib/puma/server.rb:241:in `block in run'
puma (6.4.0) lib/puma/thread_pool.rb:155:in `block in spawn_thread'
Started GET "/" for ::1 at 2023-10-24 01:16:02 -0400
  [1m[35m (95.9ms)[0m  [1m[35mCREATE TABLE "schema_migrations" ("version" character varying NOT NULL PRIMARY KEY)[0m
  [1m[35m (65.9ms)[0m  [1m[35mCREATE TABLE "ar_internal_metadata" ("key" character varying NOT NULL PRIMARY KEY, "value" character varying, "created_at" timestamp(6) NOT NULL, "updated_at" timestamp(6) NOT NULL)[0m
  [1m[36mActiveRecord::SchemaMigration Load (51.9ms)[0m  [1m[34mSELECT "schema_migrations"."version" FROM "schema_migrations" ORDER BY "schema_migrations"."version" ASC[0m
Processing by Rails::WelcomeController#index as HTML
  Rendering /Users/user/.rbenv/versions/3.2.2/lib/ruby/gems/3.2.0/gems/railties-7.1.1/lib/rails/templates/rails/welcome/index.html.erb
  Rendered /Users/user/.rbenv/versions/3.2.2/lib/ruby/gems/3.2.0/gems/railties-7.1.1/lib/rails/templates/rails/welcome/index.html.erb (Duration: 6.3ms | Allocations: 375)
Completed 200 OK in 275ms (Views: 45.7ms | ActiveRecord: 0.0ms | Allocations: 4912)


Started GET "/pages/hello" for ::1 at 2023-10-24 01:20:07 -0400
Processing by PagesController#hello as HTML
  Rendering layout layouts/application.html.erb
  Rendering pages/hello.html.erb within layouts/application
  Rendered pages/hello.html.erb within layouts/application (Duration: 13.2ms | Allocations: 96)
  Rendered layout layouts/application.html.erb (Duration: 4451.7ms | Allocations: 93573)
Completed 200 OK in 4520ms (Views: 4491.4ms | ActiveRecord: 0.0ms | Allocations: 94553)


Started GET "/pages/hello" for ::1 at 2023-10-24 01:21:06 -0400
Processing by PagesController#hello as HTML
  Rendering layout layouts/application.html.erb
  Rendering pages/hello.html.erb within layouts/application
  Rendered pages/hello.html.erb within layouts/application (Duration: 10.7ms | Allocations: 100)
  Rendered layout layouts/application.html.erb (Duration: 1774.1ms | Allocations: 15897)
Completed 200 OK in 1913ms (Views: 1837.0ms | ActiveRecord: 0.0ms | Allocations: 16800)


Started GET "/pages/hello" for ::1 at 2023-10-24 01:21:54 -0400
Processing by PagesController#hello as HTML
  Rendering layout layouts/application.html.erb
  Rendering pages/hello.html.erb within layouts/application
  Rendered pages/hello.html.erb within layouts/application (Duration: 9.8ms | Allocations: 97)
  Rendered layout layouts/application.html.erb (Duration: 367.8ms | Allocations: 13394)
Completed 200 OK in 487ms (Views: 418.0ms | ActiveRecord: 0.0ms | Allocations: 14301)


Started GET "/pages/hello" for ::1 at 2023-10-24 01:23:17 -0400
Processing by PagesController#hello as HTML
  Rendering layout layouts/application.html.erb
  Rendering pages/hello.html.erb within layouts/application
  Rendered pages/hello.html.erb within layouts/application (Duration: 4.3ms | Allocations: 96)
  Rendered layout layouts/application.html.erb (Duration: 271.6ms | Allocations: 13306)
Completed 200 OK in 369ms (Views: 284.0ms | ActiveRecord: 0.0ms | Allocations: 14204)


Started GET "/pages/hello" for ::1 at 2023-10-24 01:24:37 -0400
  
ActionController::RoutingError (No route matches [GET] "/pages/hello"):
  
Started GET "/" for ::1 at 2023-10-24 01:25:13 -0400
Processing by PagesController#hello as HTML
  Rendering layout layouts/application.html.erb
  Rendering pages/hello.html.erb within layouts/application
  Rendered pages/hello.html.erb within layouts/application (Duration: 2.8ms | Allocations: 95)
  Rendered layout layouts/application.html.erb (Duration: 221.6ms | Allocations: 13458)
Completed 200 OK in 251ms (Views: 244.7ms | ActiveRecord: 0.0ms | Allocations: 14316)


Started GET "/" for ::1 at 2023-10-24 01:39:52 -0400
Processing by PagesController#hello as HTML
  Rendering layout layouts/application.html.erb
  Rendering pages/hello.html.erb within layouts/application
  Rendered pages/hello.html.erb within layouts/application (Duration: 0.3ms | Allocations: 6)
  Rendered layout layouts/application.html.erb (Duration: 32.3ms | Allocations: 2107)
Completed 200 OK in 41ms (Views: 38.0ms | ActiveRecord: 0.0ms | Allocations: 2350)


